Using pre-set license
Built from '2021.3/staging' branch; Version is '2021.3.7f1 (24e8595d6d43) revision 2418777'; Using compiler version '192829333'; Build Type 'Release'
OS: 'Windows 10  (10.0.19045) 64bit Enterprise' Language: 'en' Physical Memory: 65263 MB
BatchMode: 1, IsHumanControllingUs: 0, StartBugReporterOnCrash: 0, Is64bit: 1, IsPro: 1

COMMAND LINE ARGUMENTS:
C:\Program Files\Unity 2021.3.7f1\Editor\Unity.exe
-adb2
-batchMode
-noUpm
-name
AssetImportWorker1
-projectPath
D:/Student Work/vr-cave-project/CaveExplorer
-logFile
Logs/AssetImportWorker1.log
-srvPort
52715
Successfully changed project path to: D:/Student Work/vr-cave-project/CaveExplorer
D:/Student Work/vr-cave-project/CaveExplorer
[UnityMemory] Configuration Parameters - Can be set up in boot.config
    "memorysetup-bucket-allocator-granularity=16"
    "memorysetup-bucket-allocator-bucket-count=8"
    "memorysetup-bucket-allocator-block-size=33554432"
    "memorysetup-bucket-allocator-block-count=8"
    "memorysetup-main-allocator-block-size=16777216"
    "memorysetup-thread-allocator-block-size=16777216"
    "memorysetup-gfx-main-allocator-block-size=16777216"
    "memorysetup-gfx-thread-allocator-block-size=16777216"
    "memorysetup-cache-allocator-block-size=4194304"
    "memorysetup-typetree-allocator-block-size=2097152"
    "memorysetup-profiler-bucket-allocator-granularity=16"
    "memorysetup-profiler-bucket-allocator-bucket-count=8"
    "memorysetup-profiler-bucket-allocator-block-size=33554432"
    "memorysetup-profiler-bucket-allocator-block-count=8"
    "memorysetup-profiler-allocator-block-size=16777216"
    "memorysetup-profiler-editor-allocator-block-size=1048576"
    "memorysetup-temp-allocator-size-main=16777216"
    "memorysetup-job-temp-allocator-block-size=2097152"
    "memorysetup-job-temp-allocator-block-size-background=1048576"
    "memorysetup-job-temp-allocator-reduction-small-platforms=262144"
    "memorysetup-temp-allocator-size-background-worker=32768"
    "memorysetup-temp-allocator-size-job-worker=262144"
    "memorysetup-temp-allocator-size-preload-manager=33554432"
    "memorysetup-temp-allocator-size-nav-mesh-worker=65536"
    "memorysetup-temp-allocator-size-audio-worker=65536"
    "memorysetup-temp-allocator-size-cloud-worker=32768"
    "memorysetup-temp-allocator-size-gi-baking-worker=262144"
    "memorysetup-temp-allocator-size-gfx=262144"
Refreshing native plugins compatible for Editor in 93.37 ms, found 6 plugins.
Preloading 0 native plugins for Editor in 0.00 ms.
Initialize engine version: 2021.3.7f1 (24e8595d6d43)
[Subsystems] Discovering subsystems at path C:/Program Files/Unity 2021.3.7f1/Editor/Data/Resources/UnitySubsystems
[Subsystems] Discovering subsystems at path D:/Student Work/vr-cave-project/CaveExplorer/Assets
GfxDevice: creating device client; threaded=0; jobified=0
Direct3D:
    Version:  Direct3D 11.0 [level 11.1]
    Renderer: NVIDIA GeForce RTX 2080 Ti (ID=0x1e04)
    Vendor:   NVIDIA
    VRAM:     11049 MB
    Driver:   31.0.15.1694
Initialize mono
Mono path[0] = 'C:/Program Files/Unity 2021.3.7f1/Editor/Data/Managed'
Mono path[1] = 'C:/Program Files/Unity 2021.3.7f1/Editor/Data/MonoBleedingEdge/lib/mono/unityjit-win32'
Mono config path = 'C:/Program Files/Unity 2021.3.7f1/Editor/Data/MonoBleedingEdge/etc'
Using monoOptions --debugger-agent=transport=dt_socket,embedding=1,server=y,suspend=n,address=127.0.0.1:56000
Begin MonoManager ReloadAssembly
Registering precompiled unity dll's ...
Register platform support module: C:/Program Files/Unity 2021.3.7f1/Editor/Data/PlaybackEngines/WindowsStandaloneSupport/UnityEditor.WindowsStandalone.Extensions.dll
Registered in 0.005689 seconds.
Native extension for WindowsStandalone target not found
Refreshing native plugins compatible for Editor in 89.42 ms, found 6 plugins.
Preloading 0 native plugins for Editor in 0.00 ms.
Mono: successfully reloaded assembly
- Completed reload, in  0.638 seconds
Domain Reload Profiling:
	ReloadAssembly (638ms)
		BeginReloadAssembly (74ms)
			ExecutionOrderSort (0ms)
			DisableScriptedObjects (0ms)
			BackupInstance (0ms)
			ReleaseScriptingObjects (0ms)
			CreateAndSetChildDomain (1ms)
		EndReloadAssembly (456ms)
			LoadAssemblies (71ms)
			RebuildTransferFunctionScriptingTraits (0ms)
			SetupTypeCache (103ms)
			ReleaseScriptCaches (0ms)
			RebuildScriptCaches (29ms)
			SetupLoadedEditorAssemblies (274ms)
				LogAssemblyErrors (0ms)
				InitializePlatformSupportModulesInManaged (8ms)
				SetLoadedEditorAssemblies (0ms)
				RefreshPlugins (90ms)
				BeforeProcessingInitializeOnLoad (1ms)
				ProcessInitializeOnLoadAttributes (130ms)
				ProcessInitializeOnLoadMethodAttributes (46ms)
				AfterProcessingInitializeOnLoad (0ms)
				EditorAssembliesLoaded (0ms)
			ExecutionOrderSort2 (0ms)
			AwakeInstancesAfterBackupRestoration (0ms)
Platform modules already initialized, skipping
Registering precompiled user dll's ...
Registered in 0.005938 seconds.
Begin MonoManager ReloadAssembly
Symbol file LoadedFromMemory doesn't match image D:\Student Work\vr-cave-project\CaveExplorer\Library\PackageCache\com.unity.visualscripting@1.7.8\Editor\VisualScripting.Core\Dependencies\YamlDotNet\Unity.VisualScripting.YamlDotNet.dll
Symbol file LoadedFromMemory doesn't match image D:\Student Work\vr-cave-project\CaveExplorer\Library\PackageCache\com.unity.visualscripting@1.7.8\Editor\VisualScripting.Core\Dependencies\DotNetZip\Unity.VisualScripting.IonicZip.dll
Native extension for WindowsStandalone target not found
Refreshing native plugins compatible for Editor in 0.79 ms, found 6 plugins.
Preloading 0 native plugins for Editor in 0.00 ms.
Package Manager log level set to [2]
Mono: successfully reloaded assembly
- Completed reload, in  1.103 seconds
Domain Reload Profiling:
	ReloadAssembly (1104ms)
		BeginReloadAssembly (127ms)
			ExecutionOrderSort (0ms)
			DisableScriptedObjects (5ms)
			BackupInstance (0ms)
			ReleaseScriptingObjects (0ms)
			CreateAndSetChildDomain (23ms)
		EndReloadAssembly (867ms)
			LoadAssemblies (81ms)
			RebuildTransferFunctionScriptingTraits (0ms)
			SetupTypeCache (284ms)
			ReleaseScriptCaches (1ms)
			RebuildScriptCaches (56ms)
			SetupLoadedEditorAssemblies (401ms)
				LogAssemblyErrors (0ms)
				InitializePlatformSupportModulesInManaged (5ms)
				SetLoadedEditorAssemblies (1ms)
				RefreshPlugins (1ms)
				BeforeProcessingInitializeOnLoad (103ms)
				ProcessInitializeOnLoadAttributes (248ms)
				ProcessInitializeOnLoadMethodAttributes (33ms)
				AfterProcessingInitializeOnLoad (10ms)
				EditorAssembliesLoaded (0ms)
			ExecutionOrderSort2 (0ms)
			AwakeInstancesAfterBackupRestoration (11ms)
Platform modules already initialized, skipping
========================================================================
Worker process is ready to serve import requests
Launched and connected shader compiler UnityShaderCompiler.exe after 0.06 seconds
Refreshing native plugins compatible for Editor in 1.41 ms, found 6 plugins.
Preloading 0 native plugins for Editor in 0.00 ms.
Unloading 3706 Unused Serialized files (Serialized files now loaded: 0)
Unloading 30 unused Assets / (110.9 KB). Loaded Objects now: 4177.
Memory consumption went from 132.9 MB to 132.8 MB.
Total: 6.311200 ms (FindLiveObjects: 0.651200 ms CreateObjectMapping: 0.509900 ms MarkObjects: 5.022900 ms  DeleteObjects: 0.126200 ms)

AssetImportParameters requested are different than current active one (requested -> active):
  custom:video-decoder-ogg-theora: a1e56fd34408186e4bbccfd4996cb3dc -> 
  custom:container-muxer-webm: aa71ff27fc2769a1b78a27578f13a17b -> 
  custom:container-demuxer-webm: 4f35f7cbe854078d1ac9338744f61a02 -> 
  custom:video-encoder-webm-vp8: eb34c28f22e8b96e1ab97ce403110664 -> 
  custom:audio-encoder-webm-vorbis: bf7c407c2cedff20999df2af8eb42d56 -> 
  custom:framework-win-MediaFoundation: 216162199b28c13a410421893ffa2e32 -> 
  custom:container-demuxer-ogg: 62fdf1f143b41e24485cea50d1cbac27 -> 
  custom:video-decoder-webm-vp8: 9c59270c3fd7afecdb556c50c9e8de78 -> 
  custom:audio-decoder-ogg-vorbis: bf7c407c2cedff20999df2af8eb42d56 -> 
========================================================================
Received Import Request.
  Time since last request: 167751.974621 seconds.
  path: Assets/Prefabs/barrel.prefab
  artifactKey: Guid(c7f3c3ab54e1b064ca3eeed9d789f0e8) Importer(815301076,1909f56bfc062723c751e8b465ee728b)
Start importing Assets/Prefabs/barrel.prefab using Guid(c7f3c3ab54e1b064ca3eeed9d789f0e8) Importer(815301076,1909f56bfc062723c751e8b465ee728b)  -> (artifact id: '13af5588eb874ea15f6b78b5b3407460') in 0.164792 seconds 
========================================================================
Received Import Request.
  Time since last request: 0.000023 seconds.
  path: Assets/Prefabs/woodTrussLantern.prefab
  artifactKey: Guid(97ea70da36d9ed246b7f2975d15d5b8b) Importer(815301076,1909f56bfc062723c751e8b465ee728b)
Start importing Assets/Prefabs/woodTrussLantern.prefab using Guid(97ea70da36d9ed246b7f2975d15d5b8b) Importer(815301076,1909f56bfc062723c751e8b465ee728b)  -> (artifact id: 'cf30ae98ab902ce0b83b0bb50b284961') in 0.062251 seconds 
========================================================================
Received Import Request.
  Time since last request: 0.000035 seconds.
  path: Assets/Prefabs/mineEntrance.prefab
  artifactKey: Guid(d2d166faabf35e54491876e81e7242c2) Importer(815301076,1909f56bfc062723c751e8b465ee728b)
Start importing Assets/Prefabs/mineEntrance.prefab using Guid(d2d166faabf35e54491876e81e7242c2) Importer(815301076,1909f56bfc062723c751e8b465ee728b)  -> (artifact id: 'ae030a093ee0f0418bcd63ce3ad8bb89') in 0.021573 seconds 
========================================================================
Received Import Request.
  Time since last request: 0.000036 seconds.
  path: Assets/Prefabs/woodTruss_02.prefab
  artifactKey: Guid(71f27fc773056864fa6c4090fb99d473) Importer(815301076,1909f56bfc062723c751e8b465ee728b)
Start importing Assets/Prefabs/woodTruss_02.prefab using Guid(71f27fc773056864fa6c4090fb99d473) Importer(815301076,1909f56bfc062723c751e8b465ee728b)  -> (artifact id: '0ccb13f1a3491d47952ed31d82faf410') in 0.017234 seconds 
========================================================================
Received Import Request.
  Time since last request: 0.000022 seconds.
  path: Assets/Prefabs/rockGood_01.prefab
  artifactKey: Guid(e2b14e41c33ca884fbcfc067123a364c) Importer(815301076,1909f56bfc062723c751e8b465ee728b)
Start importing Assets/Prefabs/rockGood_01.prefab using Guid(e2b14e41c33ca884fbcfc067123a364c) Importer(815301076,1909f56bfc062723c751e8b465ee728b)  -> (artifact id: 'e2a82f080a249e6fb11c7312eeac972e') in 0.016191 seconds 
========================================================================
Received Import Request.
  Time since last request: 0.000025 seconds.
  path: Assets/Prefabs/rockGood_07.prefab
  artifactKey: Guid(3156574c9abf08b41b7e904d1e6598dd) Importer(815301076,1909f56bfc062723c751e8b465ee728b)
Start importing Assets/Prefabs/rockGood_07.prefab using Guid(3156574c9abf08b41b7e904d1e6598dd) Importer(815301076,1909f56bfc062723c751e8b465ee728b)  -> (artifact id: 'db8e05ea1964c91e98188b8a894f751b') in 0.016854 seconds 
========================================================================
Received Import Request.
  Time since last request: 0.000027 seconds.
  path: Assets/Prefabs/rockGood_06.prefab
  artifactKey: Guid(6c516ec8971ac4b42b57f91979c7512f) Importer(815301076,1909f56bfc062723c751e8b465ee728b)
Start importing Assets/Prefabs/rockGood_06.prefab using Guid(6c516ec8971ac4b42b57f91979c7512f) Importer(815301076,1909f56bfc062723c751e8b465ee728b)  -> (artifact id: 'c7d94708ff1b2fbf8bc6f1b346899a1d') in 0.017591 seconds 
========================================================================
Received Import Request.
  Time since last request: 0.000031 seconds.
  path: Assets/Prefabs/rockBad_04.prefab
  artifactKey: Guid(8a9b2fd1f8127ee4482869500396b22c) Importer(815301076,1909f56bfc062723c751e8b465ee728b)
Start importing Assets/Prefabs/rockBad_04.prefab using Guid(8a9b2fd1f8127ee4482869500396b22c) Importer(815301076,1909f56bfc062723c751e8b465ee728b)  -> (artifact id: '4f48cdc003fdb1348cf91e78406b5ee5') in 0.015757 seconds 
========================================================================
Received Import Request.
  Time since last request: 0.000023 seconds.
  path: Assets/Prefabs/rockBad_02.prefab
  artifactKey: Guid(fbb89c57e761fbf4780e3fbc8b369eed) Importer(815301076,1909f56bfc062723c751e8b465ee728b)
Start importing Assets/Prefabs/rockBad_02.prefab using Guid(fbb89c57e761fbf4780e3fbc8b369eed) Importer(815301076,1909f56bfc062723c751e8b465ee728b)  -> (artifact id: '3fdffcf5081c9213aaf4ecc028fec6d4') in 0.019909 seconds 
========================================================================
Received Import Request.
  Time since last request: 0.000023 seconds.
  path: Assets/Prefabs/rockBad_07.prefab
  artifactKey: Guid(8b67c7ddfbebf6a4eb9ad5dccb7f608f) Importer(815301076,1909f56bfc062723c751e8b465ee728b)
Start importing Assets/Prefabs/rockBad_07.prefab using Guid(8b67c7ddfbebf6a4eb9ad5dccb7f608f) Importer(815301076,1909f56bfc062723c751e8b465ee728b)  -> (artifact id: 'ebe3db6f37e6d93bc1d857c08a380fa5') in 0.017539 seconds 
========================================================================
Received Import Request.
  Time since last request: 0.000025 seconds.
  path: Assets/Prefabs/rockBad_06.prefab
  artifactKey: Guid(a1f9b06d3575e22428e5840879d7d3e0) Importer(815301076,1909f56bfc062723c751e8b465ee728b)
Start importing Assets/Prefabs/rockBad_06.prefab using Guid(a1f9b06d3575e22428e5840879d7d3e0) Importer(815301076,1909f56bfc062723c751e8b465ee728b)  -> (artifact id: 'c9fc6adfd6f87ae134f4d51a7cdc19e7') in 0.035128 seconds 
========================================================================
Received Import Request.
  Time since last request: 0.000027 seconds.
  path: Assets/Prefabs/mineShaftWall.prefab
  artifactKey: Guid(b63471231c964ce41a97a17c2ba30b05) Importer(815301076,1909f56bfc062723c751e8b465ee728b)
Start importing Assets/Prefabs/mineShaftWall.prefab using Guid(b63471231c964ce41a97a17c2ba30b05) Importer(815301076,1909f56bfc062723c751e8b465ee728b)  -> (artifact id: 'aca5ee51001bcbf36631732fcc2136c2') in 0.020137 seconds 
========================================================================
Received Import Request.
  Time since last request: 0.000036 seconds.
  path: Assets/Prefabs/woodTruss_01.prefab
  artifactKey: Guid(15bed550329fd9548bea5c4dfa07e092) Importer(815301076,1909f56bfc062723c751e8b465ee728b)
Start importing Assets/Prefabs/woodTruss_01.prefab using Guid(15bed550329fd9548bea5c4dfa07e092) Importer(815301076,1909f56bfc062723c751e8b465ee728b)  -> (artifact id: 'b095e9fad0028474e3b3c2fa736f0f52') in 0.016564 seconds 
========================================================================
Received Import Request.
  Time since last request: 0.000022 seconds.
  path: Assets/Prefabs/rockWall.prefab
  artifactKey: Guid(204c3d62ca239ea4a98f8a4bd0914597) Importer(815301076,1909f56bfc062723c751e8b465ee728b)
Start importing Assets/Prefabs/rockWall.prefab using Guid(204c3d62ca239ea4a98f8a4bd0914597) Importer(815301076,1909f56bfc062723c751e8b465ee728b)  -> (artifact id: 'f14bcebcfdfe71813e8061b58aa268b0') in 0.016140 seconds 
========================================================================
Received Import Request.
  Time since last request: 0.000020 seconds.
  path: Assets/Prefabs/rockBad_08.prefab
  artifactKey: Guid(6a4504c5b76ab2643810d62c29d07184) Importer(815301076,1909f56bfc062723c751e8b465ee728b)
Start importing Assets/Prefabs/rockBad_08.prefab using Guid(6a4504c5b76ab2643810d62c29d07184) Importer(815301076,1909f56bfc062723c751e8b465ee728b)  -> (artifact id: '23f7d4d4b53cbce409fef6b0c544a6d3') in 0.016637 seconds 
========================================================================
Received Import Request.
  Time since last request: 42.995919 seconds.
  path: Assets/Prefabs/mineShaftWall.prefab
  artifactKey: Guid(b63471231c964ce41a97a17c2ba30b05) Importer(815301076,1909f56bfc062723c751e8b465ee728b)
Start importing Assets/Prefabs/mineShaftWall.prefab using Guid(b63471231c964ce41a97a17c2ba30b05) Importer(815301076,1909f56bfc062723c751e8b465ee728b)  -> (artifact id: 'ff12b4f658b9d61921f0276f9d315467') in 0.020025 seconds 
========================================================================
Received Import Request.
  Time since last request: 0.000026 seconds.
  path: Assets/Prefabs/rockGood_03.prefab
  artifactKey: Guid(98bd128335de9e6439ec9bef97481e04) Importer(815301076,1909f56bfc062723c751e8b465ee728b)
Start importing Assets/Prefabs/rockGood_03.prefab using Guid(98bd128335de9e6439ec9bef97481e04) Importer(815301076,1909f56bfc062723c751e8b465ee728b)  -> (artifact id: '34a451fb7b72f763d8f733cb659cc586') in 0.016634 seconds 
========================================================================
Received Import Request.
  Time since last request: 0.000023 seconds.
  path: Assets/Prefabs/woodTruss_02.prefab
  artifactKey: Guid(71f27fc773056864fa6c4090fb99d473) Importer(815301076,1909f56bfc062723c751e8b465ee728b)
Start importing Assets/Prefabs/woodTruss_02.prefab using Guid(71f27fc773056864fa6c4090fb99d473) Importer(815301076,1909f56bfc062723c751e8b465ee728b)  -> (artifact id: '05b1e0796e1d62acb10c3a461170bd75') in 0.023333 seconds 
========================================================================
Received Import Request.
  Time since last request: 0.000047 seconds.
  path: Assets/Prefabs/rockGood_07.prefab
  artifactKey: Guid(3156574c9abf08b41b7e904d1e6598dd) Importer(815301076,1909f56bfc062723c751e8b465ee728b)
Start importing Assets/Prefabs/rockGood_07.prefab using Guid(3156574c9abf08b41b7e904d1e6598dd) Importer(815301076,1909f56bfc062723c751e8b465ee728b)  -> (artifact id: '6f914288242101d1262cb101d03c39cd') in 0.022402 seconds 
========================================================================
Received Import Request.
  Time since last request: 0.000036 seconds.
  path: Assets/Prefabs/rockGood_04.prefab
  artifactKey: Guid(dcb47a44ed7fcb1439a65880fc3398bc) Importer(815301076,1909f56bfc062723c751e8b465ee728b)
Start importing Assets/Prefabs/rockGood_04.prefab using Guid(dcb47a44ed7fcb1439a65880fc3398bc) Importer(815301076,1909f56bfc062723c751e8b465ee728b)  -> (artifact id: 'd83a76c7b8566eaf6d3e1665c9e39fc1') in 0.017277 seconds 
========================================================================
Received Import Request.
  Time since last request: 0.000023 seconds.
  path: Assets/Prefabs/rockGood_05.prefab
  artifactKey: Guid(00c39a6b66996804c818893eb78e336b) Importer(815301076,1909f56bfc062723c751e8b465ee728b)
Start importing Assets/Prefabs/rockGood_05.prefab using Guid(00c39a6b66996804c818893eb78e336b) Importer(815301076,1909f56bfc062723c751e8b465ee728b)  -> (artifact id: 'a55fa53416e49321b533e2db0fa94f54') in 0.020134 seconds 
========================================================================
Received Prepare
Registering precompiled user dll's ...
Registered in 0.007031 seconds.
Begin MonoManager ReloadAssembly
Symbol file LoadedFromMemory doesn't match image D:\Student Work\vr-cave-project\CaveExplorer\Library\PackageCache\com.unity.visualscripting@1.7.8\Editor\VisualScripting.Core\Dependencies\YamlDotNet\Unity.VisualScripting.YamlDotNet.dll
Symbol file LoadedFromMemory doesn't match image D:\Student Work\vr-cave-project\CaveExplorer\Library\PackageCache\com.unity.visualscripting@1.7.8\Editor\VisualScripting.Core\Dependencies\DotNetZip\Unity.VisualScripting.IonicZip.dll
Native extension for WindowsStandalone target not found
Refreshing native plugins compatible for Editor in 0.81 ms, found 6 plugins.
Preloading 0 native plugins for Editor in 0.00 ms.
Mono: successfully reloaded assembly
- Completed reload, in  1.153 seconds
Domain Reload Profiling:
	ReloadAssembly (1154ms)
		BeginReloadAssembly (155ms)
			ExecutionOrderSort (0ms)
			DisableScriptedObjects (7ms)
			BackupInstance (0ms)
			ReleaseScriptingObjects (0ms)
			CreateAndSetChildDomain (47ms)
		EndReloadAssembly (888ms)
			LoadAssemblies (96ms)
			RebuildTransferFunctionScriptingTraits (0ms)
			SetupTypeCache (315ms)
			ReleaseScriptCaches (2ms)
			RebuildScriptCaches (49ms)
			SetupLoadedEditorAssemblies (378ms)
				LogAssemblyErrors (0ms)
				InitializePlatformSupportModulesInManaged (13ms)
				SetLoadedEditorAssemblies (0ms)
				RefreshPlugins (1ms)
				BeforeProcessingInitializeOnLoad (83ms)
				ProcessInitializeOnLoadAttributes (243ms)
				ProcessInitializeOnLoadMethodAttributes (27ms)
				AfterProcessingInitializeOnLoad (10ms)
				EditorAssembliesLoaded (0ms)
			ExecutionOrderSort2 (0ms)
			AwakeInstancesAfterBackupRestoration (10ms)
Platform modules already initialized, skipping
Refreshing native plugins compatible for Editor in 4.41 ms, found 6 plugins.
Preloading 0 native plugins for Editor in 0.00 ms.
Unloading 3681 Unused Serialized files (Serialized files now loaded: 0)
Unloading 22 unused Assets / (78.2 KB). Loaded Objects now: 4187.
Memory consumption went from 136.0 MB to 135.9 MB.
Total: 5.876300 ms (FindLiveObjects: 0.394700 ms CreateObjectMapping: 0.233200 ms MarkObjects: 5.125300 ms  DeleteObjects: 0.122000 ms)

AssetImportParameters requested are different than current active one (requested -> active):
  custom:video-decoder-ogg-theora: a1e56fd34408186e4bbccfd4996cb3dc -> 
  custom:container-muxer-webm: aa71ff27fc2769a1b78a27578f13a17b -> 
  custom:container-demuxer-webm: 4f35f7cbe854078d1ac9338744f61a02 -> 
  custom:video-encoder-webm-vp8: eb34c28f22e8b96e1ab97ce403110664 -> 
  custom:audio-encoder-webm-vorbis: bf7c407c2cedff20999df2af8eb42d56 -> 
  custom:framework-win-MediaFoundation: 216162199b28c13a410421893ffa2e32 -> 
  custom:container-demuxer-ogg: 62fdf1f143b41e24485cea50d1cbac27 -> 
  custom:video-decoder-webm-vp8: 9c59270c3fd7afecdb556c50c9e8de78 -> 
  custom:audio-decoder-ogg-vorbis: bf7c407c2cedff20999df2af8eb42d56 -> 
Editor requested this worker to shutdown with reason: Scaling down because of idle timeout
AssetImportWorker is now disconnected from the server
Process exiting
Exiting without the bug reporter. Application will terminate with return code 0